2022-01-27 14:09:04 [INFO ] c.p.r.NativeLoader:64 - ********************************
2022-01-27 14:09:04 [INFO ] c.p.r.NativeLoader:65 - Native library search paths: 
2022-01-27 14:09:04 [INFO ] c.p.r.NativeLoader:948 - C:\Users\vonguyenminhtu2504\AppData\Roaming\PVS-Studio-Java\7.16.55608
2022-01-27 14:09:04 [INFO ] c.p.r.NativeLoader:948 - .
2022-01-27 14:09:04 [INFO ] c.p.r.NativeLoader:948 - C:\Users\vonguyenminhtu2504\AppData\Roaming\PVS-Studio-Java\7.16.55608\..
2022-01-27 14:09:04 [INFO ] c.p.r.NativeLoader:948 - C:\Users\vonguyenminhtu2504\AppData\Roaming\PVS-Studio-Java\7.16.55608\..\..
2022-01-27 14:09:04 [INFO ] c.p.r.NativeLoader:948 - C:\Users\vonguyenminhtu2504\AppData\Roaming\PVS-Studio-Java\7.16.55608\..\..\build
2022-01-27 14:09:04 [INFO ] c.p.r.NativeLoader:67 - Additional path: native/win
2022-01-27 14:09:04 [INFO ] c.p.r.NativeLoader:76 - Native library found: C:\Users\vonguyenminhtu2504\AppData\Roaming\PVS-Studio-Java\7.16.55608\native\win\analysis-core.dll
2022-01-27 14:09:04 [INFO ] c.p.r.NativeLoader:77 - ********************************
2022-01-27 14:09:09 [INFO ] c.p.p.JsonEvaluator:49 - Module: GPA-Calculator
2022-01-27 14:09:09 [INFO ] c.p.p.JsonEvaluator:50 - Sources:
2022-01-27 14:09:09 [INFO ] c.p.p.JsonEvaluator:75 - D:/Learning/Repository/Third year/Software Testing/Project 1/GPA-Calculator/src
2022-01-27 14:09:09 [INFO ] c.p.p.JsonEvaluator:52 - Classpath:
2022-01-27 14:09:09 [INFO ] c.p.p.JsonEvaluator:75 - C:/Program Files/Java/jdk-17.0.2!/jdk.jcmd
2022-01-27 14:09:09 [INFO ] c.p.p.JsonEvaluator:75 - C:/Program Files/Java/jdk-17.0.2!/jdk.internal.jvmstat
2022-01-27 14:09:09 [INFO ] c.p.p.JsonEvaluator:75 - C:/Program Files/Java/jdk-17.0.2!/jdk.net
2022-01-27 14:09:09 [INFO ] c.p.p.JsonEvaluator:75 - C:/Program Files/Java/jdk-17.0.2!/jdk.jdwp.agent
2022-01-27 14:09:09 [INFO ] c.p.p.JsonEvaluator:75 - C:/Program Files/Java/jdk-17.0.2!/java.security.sasl
2022-01-27 14:09:09 [INFO ] c.p.p.JsonEvaluator:75 - C:/javafx-sdk-17.0.2/lib/javafx.base.jar
2022-01-27 14:09:09 [INFO ] c.p.p.JsonEvaluator:75 - C:/Program Files/Java/jdk-17.0.2!/jdk.nio.mapmode
2022-01-27 14:09:09 [INFO ] c.p.p.JsonEvaluator:75 - C:/Program Files/Java/jdk-17.0.2!/java.se
2022-01-27 14:09:09 [INFO ] c.p.p.JsonEvaluator:75 - C:/Program Files/Java/jdk-17.0.2!/jdk.incubator.vector
2022-01-27 14:09:09 [INFO ] c.p.p.JsonEvaluator:75 - C:/Program Files/Java/jdk-17.0.2!/jdk.naming.rmi
2022-01-27 14:09:09 [INFO ] c.p.p.JsonEvaluator:75 - C:/Program Files/Java/jdk-17.0.2!/jdk.incubator.foreign
2022-01-27 14:09:09 [INFO ] c.p.p.JsonEvaluator:75 - C:/Program Files/Java/jdk-17.0.2!/jdk.internal.vm.compiler.management
2022-01-27 14:09:09 [INFO ] c.p.p.JsonEvaluator:75 - C:/Program Files/Java/jdk-17.0.2!/java.datatransfer
2022-01-27 14:09:09 [INFO ] c.p.p.JsonEvaluator:75 - C:/Program Files/Java/jdk-17.0.2!/java.sql.rowset
2022-01-27 14:09:09 [INFO ] c.p.p.JsonEvaluator:75 - C:/Program Files/Java/jdk-17.0.2!/java.base
2022-01-27 14:09:09 [INFO ] c.p.p.JsonEvaluator:75 - C:/Program Files/Java/jdk-17.0.2!/java.rmi
2022-01-27 14:09:09 [INFO ] c.p.p.JsonEvaluator:75 - C:/javafx-sdk-17.0.2/lib/javafx.controls.jar
2022-01-27 14:09:09 [INFO ] c.p.p.JsonEvaluator:75 - C:/Program Files/Java/jdk-17.0.2!/jdk.jfr
2022-01-27 14:09:09 [INFO ] c.p.p.JsonEvaluator:75 - C:/Program Files/Java/jdk-17.0.2!/jdk.jshell
2022-01-27 14:09:09 [INFO ] c.p.p.JsonEvaluator:75 - C:/Program Files/Java/jdk-17.0.2!/java.desktop
2022-01-27 14:09:09 [INFO ] c.p.p.JsonEvaluator:75 - C:/Program Files/Java/jdk-17.0.2!/java.naming
2022-01-27 14:09:09 [INFO ] c.p.p.JsonEvaluator:75 - C:/Program Files/Java/jdk-17.0.2!/jdk.crypto.mscapi
2022-01-27 14:09:09 [INFO ] c.p.p.JsonEvaluator:75 - C:/Program Files/Java/jdk-17.0.2!/jdk.attach
2022-01-27 14:09:09 [INFO ] c.p.p.JsonEvaluator:75 - C:/Program Files/Java/jdk-17.0.2!/jdk.xml.dom
2022-01-27 14:09:09 [INFO ] c.p.p.JsonEvaluator:75 - C:/Program Files/Java/jdk-17.0.2!/java.management
2022-01-27 14:09:09 [INFO ] c.p.p.JsonEvaluator:75 - C:/Program Files/Java/jdk-17.0.2!/jdk.random
2022-01-27 14:09:09 [INFO ] c.p.p.JsonEvaluator:75 - C:/Program Files/Java/jdk-17.0.2!/jdk.internal.opt
2022-01-27 14:09:09 [INFO ] c.p.p.JsonEvaluator:75 - C:/Program Files/Java/jdk-17.0.2!/java.prefs
2022-01-27 14:09:09 [INFO ] c.p.p.JsonEvaluator:75 - C:/Program Files/Java/jdk-17.0.2!/jdk.jlink
2022-01-27 14:09:09 [INFO ] c.p.p.JsonEvaluator:75 - C:/Program Files/Java/jdk-17.0.2!/jdk.jsobject
2022-01-27 14:09:09 [INFO ] c.p.p.JsonEvaluator:75 - C:/Program Files/Java/jdk-17.0.2!/jdk.compiler
2022-01-27 14:09:09 [INFO ] c.p.p.JsonEvaluator:75 - C:/Program Files/Java/jdk-17.0.2!/jdk.editpad
2022-01-27 14:09:09 [INFO ] c.p.p.JsonEvaluator:75 - C:/Program Files/Java/jdk-17.0.2!/java.management.rmi
2022-01-27 14:09:09 [INFO ] c.p.p.JsonEvaluator:75 - C:/Program Files/Java/jdk-17.0.2!/jdk.management.jfr
2022-01-27 14:09:09 [INFO ] c.p.p.JsonEvaluator:75 - C:/Program Files/Java/jdk-17.0.2!/java.security.jgss
2022-01-27 14:09:09 [INFO ] c.p.p.JsonEvaluator:75 - C:/Program Files/Java/jdk-17.0.2!/jdk.internal.le
2022-01-27 14:09:09 [INFO ] c.p.p.JsonEvaluator:75 - C:/javafx-sdk-17.0.2/lib/javafx.media.jar
2022-01-27 14:09:09 [INFO ] c.p.p.JsonEvaluator:75 - C:/Program Files/Java/jdk-17.0.2!/jdk.sctp
2022-01-27 14:09:09 [INFO ] c.p.p.JsonEvaluator:75 - C:/javafx-sdk-17.0.2/lib/javafx-swt.jar
2022-01-27 14:09:09 [INFO ] c.p.p.JsonEvaluator:75 - C:/Program Files/Java/jdk-17.0.2!/jdk.jstatd
2022-01-27 14:09:09 [INFO ] c.p.p.JsonEvaluator:75 - C:/Program Files/Java/jdk-17.0.2!/jdk.hotspot.agent
2022-01-27 14:09:09 [INFO ] c.p.p.JsonEvaluator:75 - C:/Program Files/Java/jdk-17.0.2!/jdk.crypto.cryptoki
2022-01-27 14:09:09 [INFO ] c.p.p.JsonEvaluator:75 - C:/Program Files/Java/jdk-17.0.2!/jdk.management
2022-01-27 14:09:09 [INFO ] c.p.p.JsonEvaluator:75 - C:/Program Files/Java/jdk-17.0.2!/java.scripting
2022-01-27 14:09:09 [INFO ] c.p.p.JsonEvaluator:75 - C:/Program Files/Java/jdk-17.0.2!/jdk.crypto.ec
2022-01-27 14:09:09 [INFO ] c.p.p.JsonEvaluator:75 - C:/Program Files/Java/jdk-17.0.2!/jdk.dynalink
2022-01-27 14:09:09 [INFO ] c.p.p.JsonEvaluator:75 - C:/Program Files/Java/jdk-17.0.2!/java.compiler
2022-01-27 14:09:09 [INFO ] c.p.p.JsonEvaluator:75 - C:/Program Files/Java/jdk-17.0.2!/jdk.jpackage
2022-01-27 14:09:09 [INFO ] c.p.p.JsonEvaluator:75 - C:/Program Files/Java/jdk-17.0.2!/jdk.javadoc
2022-01-27 14:09:09 [INFO ] c.p.p.JsonEvaluator:75 - C:/javafx-sdk-17.0.2/lib/javafx.fxml.jar
2022-01-27 14:09:09 [INFO ] c.p.p.JsonEvaluator:75 - C:/Program Files/Java/jdk-17.0.2!/jdk.internal.ed
2022-01-27 14:09:09 [INFO ] c.p.p.JsonEvaluator:75 - C:/Program Files/Java/jdk-17.0.2!/jdk.security.auth
2022-01-27 14:09:09 [INFO ] c.p.p.JsonEvaluator:75 - C:/Program Files/Java/jdk-17.0.2!/jdk.unsupported
2022-01-27 14:09:09 [INFO ] c.p.p.JsonEvaluator:75 - C:/javafx-sdk-17.0.2/lib/javafx.graphics.jar
2022-01-27 14:09:09 [INFO ] c.p.p.JsonEvaluator:75 - C:/Program Files/Java/jdk-17.0.2!/jdk.internal.vm.compiler
2022-01-27 14:09:09 [INFO ] c.p.p.JsonEvaluator:75 - C:/Program Files/Java/jdk-17.0.2!/jdk.jdi
2022-01-27 14:09:09 [INFO ] c.p.p.JsonEvaluator:75 - C:/Program Files/Java/jdk-17.0.2!/jdk.httpserver
2022-01-27 14:09:09 [INFO ] c.p.p.JsonEvaluator:75 - C:/Program Files/Java/jdk-17.0.2!/java.xml.crypto
2022-01-27 14:09:09 [INFO ] c.p.p.JsonEvaluator:75 - C:/Program Files/Java/jdk-17.0.2!/jdk.zipfs
2022-01-27 14:09:09 [INFO ] c.p.p.JsonEvaluator:75 - C:/Program Files/Java/jdk-17.0.2!/java.instrument
2022-01-27 14:09:09 [INFO ] c.p.p.JsonEvaluator:75 - C:/Program Files/Java/jdk-17.0.2!/java.smartcardio
2022-01-27 14:09:09 [INFO ] c.p.p.JsonEvaluator:75 - C:/javafx-sdk-17.0.2/lib/javafx.web.jar
2022-01-27 14:09:09 [INFO ] c.p.p.JsonEvaluator:75 - C:/Program Files/Java/jdk-17.0.2!/java.sql
2022-01-27 14:09:09 [INFO ] c.p.p.JsonEvaluator:75 - C:/Program Files/Java/jdk-17.0.2!/java.xml
2022-01-27 14:09:09 [INFO ] c.p.p.JsonEvaluator:75 - C:/Program Files/Java/jdk-17.0.2!/jdk.charsets
2022-01-27 14:09:09 [INFO ] c.p.p.JsonEvaluator:75 - C:/Program Files/Java/jdk-17.0.2!/java.net.http
2022-01-27 14:09:09 [INFO ] c.p.p.JsonEvaluator:75 - C:/Program Files/Java/jdk-17.0.2!/jdk.security.jgss
2022-01-27 14:09:09 [INFO ] c.p.p.JsonEvaluator:75 - C:/Program Files/Java/jdk-17.0.2!/jdk.unsupported.desktop
2022-01-27 14:09:09 [INFO ] c.p.p.JsonEvaluator:75 - C:/Program Files/Java/jdk-17.0.2!/jdk.accessibility
2022-01-27 14:09:09 [INFO ] c.p.p.JsonEvaluator:75 - C:/Program Files/Java/jdk-17.0.2!/java.transaction.xa
2022-01-27 14:09:09 [INFO ] c.p.p.JsonEvaluator:75 - C:/Program Files/Java/jdk-17.0.2!/jdk.localedata
2022-01-27 14:09:09 [INFO ] c.p.p.JsonEvaluator:75 - C:/Program Files/Java/jdk-17.0.2!/java.logging
2022-01-27 14:09:09 [INFO ] c.p.p.JsonEvaluator:75 - C:/Program Files/Java/jdk-17.0.2!/jdk.jconsole
2022-01-27 14:09:09 [INFO ] c.p.p.JsonEvaluator:75 - C:/javafx-sdk-17.0.2/lib/javafx.swing.jar
2022-01-27 14:09:09 [INFO ] c.p.p.JsonEvaluator:75 - C:/Program Files/Java/jdk-17.0.2!/jdk.management.agent
2022-01-27 14:09:09 [INFO ] c.p.p.JsonEvaluator:75 - C:/Program Files/Java/jdk-17.0.2!/jdk.jdeps
2022-01-27 14:09:09 [INFO ] c.p.p.JsonEvaluator:75 - C:/Program Files/Java/jdk-17.0.2!/jdk.internal.vm.ci
2022-01-27 14:09:09 [INFO ] c.p.p.JsonEvaluator:75 - C:/Program Files/Java/jdk-17.0.2!/jdk.jartool
2022-01-27 14:09:09 [INFO ] c.p.p.JsonEvaluator:75 - C:/Program Files/Java/jdk-17.0.2!/jdk.naming.dns
2022-01-27 14:09:09 [INFO ] c.p.p.IncrementalLauncher:154 - Load model from cache...
2022-01-27 14:09:10 [INFO ] c.p.p.IncrementalLauncher:168 - Build model incrementally...
2022-01-27 14:09:10 [INFO ] c.p.p.IncrementalLauncher:169 - Current time: 1643267350944
2022-01-27 14:09:10 [INFO ] c.p.p.IncrementalLauncher:170 - Last build time: 1643260471005
2022-01-27 14:09:10 [INFO ] c.p.p.IncrementalLauncher:171 - Keyset size: 3
2022-01-27 14:09:10 [INFO ] c.p.p.IncrementalLauncher:172 - Input sources size: 3
2022-01-27 14:09:10 [INFO ] c.p.p.IncrementalLauncher:178 - Removed sources size: 0
2022-01-27 14:09:10 [INFO ] c.p.p.IncrementalLauncher:179 - Added sources size: 0
2022-01-27 14:09:10 [INFO ] c.p.p.IncrementalLauncher:180 - Common sources size: 3
2022-01-27 14:09:10 [INFO ] c.p.p.IncrementalLauncher:191 - Incremental sources size: 1
2022-01-27 14:09:11 [INFO ] c.p.p.IncrementalLauncher:194 - Old types size: 3
2022-01-27 14:09:11 [INFO ] c.p.p.IncrementalLauncher:205 - Changed types size: 1
2022-01-27 14:09:11 [INFO ] c.p.p.IncrementalLauncher:207 - Enter types loop
2022-01-27 14:09:11 [INFO ] c.p.p.IncrementalLauncher:229 - Exit types loop
2022-01-27 14:09:11 [INFO ] c.p.p.IncrementalLauncher:241 - Old packages size: 2
2022-01-27 14:09:11 [INFO ] c.p.p.IncrementalLauncher:250 - Data processed
2022-01-27 14:09:11 [INFO ] c.p.p.IncrementalLauncher:256 - Added: 0
2022-01-27 14:09:11 [INFO ] c.p.p.IncrementalLauncher:257 - Removed: 0
2022-01-27 14:09:11 [INFO ] c.p.p.IncrementalLauncher:258 - Modified : 2
2022-01-27 14:09:15 [INFO ] c.p.p.IncrementalLauncher:312 - Cache saving started.
2022-01-27 14:09:16 [WARN ] c.p.p.IncrementalLauncher:319 - Spoon compile error: The left-hand side of an assignment must be a variable at D:\Learning\Repository\Third year\Software Testing\Project 1\GPA-Calculator\src\application\Controller.java:87
spoon.support.compiler.SnippetCompilationError: The left-hand side of an assignment must be a variable at D:\Learning\Repository\Third year\Software Testing\Project 1\GPA-Calculator\src\application\Controller.java:87
	at spoon.support.compiler.jdt.JDTBasedSpoonCompiler.reportProblemsWhenCompiling(JDTBasedSpoonCompiler.java:609)
	at spoon.support.compiler.jdt.JDTBasedSpoonCompiler.compile(JDTBasedSpoonCompiler.java:167)
	at com.pvsstudio.projects.IncrementalLauncher.saveCache(IncrementalLauncher.java:315)
	at com.pvsstudio.projects.Module.build(Module.java:379)
	at com.pvsstudio.runner.ModuleWorker.run(ModuleWorker.java:52)
	at com.pvsstudio.runner.AnalyzerRunner.run(AnalyzerRunner.java:81)
	at com.pvsstudio.Main.main(Main.java:508)
2022-01-27 14:09:16 [INFO ] c.p.p.IncrementalLauncher:355 - Cache saving finished.
2022-01-27 14:09:16 [INFO ] c.p.p.Module:383 - Model build success.
